<?xml version="1.0" encoding="UTF-8"?>
<!-- Generated by org.testng.reporters.JUnitReportReporter -->
<testsuite hostname="Prince-Computer" failures="0" tests="4" name="testLayer.LoginTest" time="15.517" errors="0" timestamp="2023-02-02T18:47:42 EST" skipped="0">
  <testcase classname="testLayer.LoginTest" name="Login" time="3.350"/>
  <system-out/>
  <testcase classname="testLayer.LoginTest" name="verify" time="3.071"/>
  <system-out/>
  <testcase classname="testLayer.LoginTest" name="Login" time="5.597"/>
  <system-out/>
  <testcase classname="testLayer.LoginTest" name="Login" time="3.499"/>
  <system-out/>
</testsuite> <!-- testLayer.LoginTest -->
